2022-11-21 09:58:28         App started
2022-11-21 09:58:28         Main form opened
                            Afdrukvoorbeeld rapport nr:2
2022-11-21 09:59:35         Players form opened
2022-11-21 10:00:06         Player edit form opened
2022-11-21 10:01:37         App ended
2022-11-21 12:05:53         App started
2022-11-21 12:05:53         Main form opened
                            Afdrukken op printer rapport nr:2
2022-11-21 12:10:48         App ended
2022-11-22 03:29:30         App started
2022-11-22 03:29:30         Main form opened
2022-11-22 03:32:40         App started
2022-11-22 03:32:40         Main form opened
2022-11-22 03:32:56         App ended
2022-11-22 03:34:26         App started
2022-11-22 03:34:26         Main form opened
                            Afdrukvoorbeeld rapport nr:6
                            Afdrukvoorbeeld rapport nr:5
                            Afdrukvoorbeeld rapport nr:5
                            Afdrukvoorbeeld rapport nr:5
                            Afdrukvoorbeeld rapport nr:5
                            Afdrukvoorbeeld rapport nr:5
                            Afdrukvoorbeeld rapport nr:5
2022-11-22 03:59:39         App started
2022-11-22 03:59:39         Main form opened
                            Afdrukvoorbeeld rapport nr:5
                            Afdrukvoorbeeld rapport nr:5
                            Afdrukvoorbeeld rapport nr:5
                            Afdrukvoorbeeld rapport nr:5
                            Afdrukvoorbeeld rapport nr:5
                            Afdrukvoorbeeld rapport nr:5
                            Afdrukvoorbeeld rapport nr:5
                            Afdrukvoorbeeld rapport nr:5
                            Afdrukvoorbeeld rapport nr:5
                            Afdrukvoorbeeld rapport nr:5
                            Afdrukvoorbeeld rapport nr:5
                            Afdrukvoorbeeld rapport nr:5
                            Afdrukvoorbeeld rapport nr:5
                            Afdrukvoorbeeld rapport nr:5
                            Afdrukvoorbeeld rapport nr:5
                            Afdrukvoorbeeld rapport nr:5
                            Afdrukvoorbeeld rapport nr:5
                            Afdrukvoorbeeld rapport nr:5
                            Afdrukvoorbeeld rapport nr:5
                            Afdrukvoorbeeld rapport nr:5
                            Afdrukvoorbeeld rapport nr:5
                            Afdrukvoorbeeld rapport nr:5
                            Afdrukvoorbeeld rapport nr:5
                            Afdrukvoorbeeld rapport nr:5
                            Afdrukvoorbeeld rapport nr:5
                            Afdrukvoorbeeld rapport nr:5
                            Afdrukvoorbeeld rapport nr:5
                            Afdrukvoorbeeld rapport nr:5
                            Afdrukvoorbeeld rapport nr:5
                            Afdrukvoorbeeld rapport nr:5
                            Afdrukvoorbeeld rapport nr:5
                            Afdrukvoorbeeld rapport nr:5
                            Afdrukvoorbeeld rapport nr:5
                            Afdrukvoorbeeld rapport nr:5
                            Afdrukvoorbeeld rapport nr:5
                            Afdrukvoorbeeld rapport nr:5
                            Afdrukvoorbeeld rapport nr:5
                            Afdrukvoorbeeld rapport nr:5
                            Afdrukvoorbeeld rapport nr:5
2022-11-22 05:13:10         App started
2022-11-22 05:13:10         Main form opened
                            Afdrukvoorbeeld rapport nr:5
2022-11-22 05:13:41         App started
2022-11-22 05:13:41         Main form opened
                            Afdrukvoorbeeld rapport nr:5
                            Afdrukvoorbeeld rapport nr:5
2022-11-22 05:29:01         App started
2022-11-22 05:29:01         Main form opened
                            Afdrukvoorbeeld rapport nr:5
2022-11-22 05:30:31         App started
2022-11-22 05:30:31         Main form opened
2022-11-22 05:30:33         App ended
2022-11-22 05:36:16         App started
2022-11-22 05:36:16         Main form opened
                            Afdrukvoorbeeld rapport nr:5
                            Afdrukvoorbeeld rapport nr:5
                            Afdrukvoorbeeld rapport nr:5
                            Afdrukvoorbeeld rapport nr:5
                            Afdrukvoorbeeld rapport nr:5
2022-11-22 05:43:50         App ended
2022-11-22 05:43:55         App started
2022-11-22 05:43:55         Main form opened
2022-11-22 05:43:57         App ended
2022-11-22 05:44:25         App started
2022-11-22 05:44:25         Main form opened
2022-11-22 05:44:28         App ended
2022-11-22 10:25:32         App started
2022-11-22 10:25:33         Main form opened
2022-11-22 11:32:54         App started
2022-11-22 11:32:54         Main form opened
2022-11-22 11:50:38         App started
2022-11-22 11:50:38         Main form opened
2022-11-22 11:59:37         App started
2022-11-22 11:59:37         Main form opened
2022-11-22 12:00:32         App started
2022-11-22 12:00:32         Main form opened
2022-11-22 12:01:05         App started
2022-11-22 12:01:05         Main form opened
2022-11-22 12:09:35         Wedstrijden overzicht
2022-11-22 12:12:42         Wedstrijden overzicht
                            Afdrukvoorbeeld rapport nr:4
2022-11-22 12:17:28         App started
2022-11-22 12:17:28         Main form opened
2022-11-22 12:20:33         App started
2022-11-22 12:20:33         Main form opened
2022-11-22 12:49:13         App started
2022-11-22 12:49:13         Main form opened
2022-11-22 12:53:17         App started
2022-11-22 12:53:17         Main form opened
2022-11-22 13:19:01         Pool recalculated
                            Afdrukvoorbeeld rapport nr:4
                            Afdrukvoorbeeld rapport nr:5
                            Afdrukvoorbeeld rapport nr:6
                            Afdrukvoorbeeld rapport nr:9
                            Afdrukvoorbeeld rapport nr:6
                            Afdrukken op printer rapport nr:1
                            Afdrukvoorbeeld rapport nr:6
                            Afdrukvoorbeeld rapport nr:8
                            Afdrukken op printer rapport nr:8
                            Afdrukvoorbeeld rapport nr:6
                            Afdrukvoorbeeld rapport nr:5
2022-11-22 13:28:49         App ended
2022-11-22 13:30:21         App started
2022-11-22 13:30:21         Main form opened
2022-11-22 13:33:48         Pool recalculated
2022-11-22 13:34:56         Pool recalculated
2022-11-22 14:02:15         App started
2022-11-22 14:02:15         Main form opened
                            Afdrukvoorbeeld rapport nr:8
                            Afdrukvoorbeeld rapport nr:9
                            Afdrukvoorbeeld rapport nr:4
                            Afdrukvoorbeeld rapport nr:1
                            Afdrukvoorbeeld rapport nr:5
2022-11-22 14:07:28         App started
2022-11-22 14:07:28         Main form opened
                            Afdrukvoorbeeld rapport nr:8
                            Afdrukvoorbeeld rapport nr:9
                            Afdrukvoorbeeld rapport nr:4
                            Afdrukvoorbeeld rapport nr:1
                            Afdrukvoorbeeld rapport nr:4
                            Afdrukvoorbeeld rapport nr:5
2022-11-22 14:12:45         App started
2022-11-22 14:12:45         Main form opened
                            Afdrukvoorbeeld rapport nr:8
                            Afdrukvoorbeeld rapport nr:9
                            Afdrukvoorbeeld rapport nr:4
                            Afdrukvoorbeeld rapport nr:4
                            Afdrukvoorbeeld rapport nr:5
                            Afdrukvoorbeeld rapport nr:6
                            Afdrukvoorbeeld rapport nr:7
                            Afdrukvoorbeeld rapport nr:3
                            Afdrukvoorbeeld rapport nr:3
                            Afdrukvoorbeeld rapport nr:8
                            Afdrukvoorbeeld rapport nr:9
                            Afdrukvoorbeeld rapport nr:4
                            Afdrukvoorbeeld rapport nr:4
                            Afdrukvoorbeeld rapport nr:5
                            Afdrukvoorbeeld rapport nr:6
                            Afdrukvoorbeeld rapport nr:7
                            Afdrukvoorbeeld rapport nr:3
                            Afdrukvoorbeeld rapport nr:3
2022-11-22 14:18:18         App ended
2022-11-22 14:18:28         App started
2022-11-22 14:18:28         Main form opened
                            Afdrukvoorbeeld rapport nr:5
                            Afdrukken op printer rapport nr:8
                            Afdrukvoorbeeld rapport nr:5
                            Afdrukvoorbeeld rapport nr:5
2022-11-22 14:37:45         App started
2022-11-22 14:37:45         Main form opened
2022-11-22 14:38:47         App started
2022-11-22 14:38:47         Main form opened
2022-11-22 14:38:48         Wedstrijden overzicht
                            Afdrukvoorbeeld rapport nr:4
2022-11-22 14:39:22         Wedstrijden overzicht
2022-11-22 14:39:32         Wedstrijd bijhouden 49: NED-IRA
                            Afdrukvoorbeeld rapport nr:8
2022-11-22 14:46:57         App ended
2022-11-22 16:36:33         App started
2022-11-22 16:36:34         Main form opened
2022-11-22 16:36:37         App ended
2022-11-22 16:47:25         App started
2022-11-22 16:47:25         Main form opened
2022-11-22 16:47:32         App ended
2022-11-24 11:49:14         App started
2022-11-24 11:49:15         Main form opened
2022-11-24 11:49:31         App ended
2022-11-24 11:54:13         App started
2022-11-24 11:54:13         Main form opened
2022-11-24 11:55:07         App started
2022-11-24 11:55:07         Main form opened
2022-11-24 11:55:23         Competitor form opened
2022-11-24 11:55:25         Wedstrijden overzicht
2022-11-24 11:55:40         App ended
2022-11-24 11:55:45         App started
2022-11-24 11:55:45         Main form opened
                            Afdrukvoorbeeld rapport nr:5
2022-11-24 11:56:10         Competitor form opened
                            Afdrukvoorbeeld rapport nr:9
                            Afdrukvoorbeeld rapport nr:4
                            Afdrukvoorbeeld rapport nr:3
                            Afdrukvoorbeeld rapport nr:6
2022-11-24 12:02:28         App started
2022-11-24 12:02:28         Main form opened
2022-11-24 12:08:00         App started
2022-11-24 12:08:00         Main form opened
2022-11-24 12:08:02         App ended
2022-11-24 12:20:25         App started
2022-11-24 12:20:25         Main form opened
2022-11-24 12:23:11         Pool recalculated
                            Afdrukvoorbeeld rapport nr:4
                            Afdrukvoorbeeld rapport nr:5
                            Afdrukvoorbeeld rapport nr:5
                            Afdrukvoorbeeld rapport nr:6
                            Afdrukvoorbeeld rapport nr:8
                            Afdrukvoorbeeld rapport nr:4
                            Afdrukvoorbeeld rapport nr:4
                            Afdrukvoorbeeld rapport nr:4
2022-11-24 12:50:52         App started
2022-11-24 12:50:52         Main form opened
                            Afdrukvoorbeeld rapport nr:5
                            Afdrukvoorbeeld rapport nr:6
                            Afdrukvoorbeeld rapport nr:8
2022-11-24 13:05:49         App started
2022-11-24 13:05:49         Main form opened
2022-11-24 13:05:52         App ended
2022-11-24 13:09:12         App started
2022-11-24 13:09:12         Main form opened
                            Afdrukvoorbeeld rapport nr:8
2022-11-24 13:09:32         App ended
2022-11-24 13:10:41         App started
2022-11-24 13:10:41         Main form opened
                            Afdrukvoorbeeld rapport nr:8
                            Afdrukvoorbeeld rapport nr:8
                            Afdrukvoorbeeld rapport nr:8
                            Afdrukvoorbeeld rapport nr:8
                            Afdrukvoorbeeld rapport nr:8
                            Afdrukvoorbeeld rapport nr:6
                            Afdrukvoorbeeld rapport nr:6
                            Afdrukvoorbeeld rapport nr:6
                            Afdrukvoorbeeld rapport nr:8
                            Afdrukvoorbeeld rapport nr:6
2022-11-24 14:29:52         App started
2022-11-24 14:29:52         Main form opened
2022-11-24 14:33:05         App started
2022-11-24 14:33:05         Main form opened
                            Afdrukvoorbeeld rapport nr:6
                            Afdrukvoorbeeld rapport nr:5
                            Afdrukvoorbeeld rapport nr:6
                            Afdrukvoorbeeld rapport nr:8
                            Afdrukvoorbeeld rapport nr:5
                            Afdrukvoorbeeld rapport nr:6
                            Afdrukvoorbeeld rapport nr:4
                            Afdrukvoorbeeld rapport nr:5
                            Afdrukvoorbeeld rapport nr:8
                            Afdrukvoorbeeld rapport nr:6
                            Afdrukvoorbeeld rapport nr:4
                            Afdrukvoorbeeld rapport nr:5
                            Afdrukvoorbeeld rapport nr:8
2022-11-24 15:03:27         Wedstrijden overzicht
2022-11-24 15:03:30         Wedstrijd bijhouden 49: NED-IRA
                            Gebeurtenis vastgelegd: wedstrijd 49, minuut 12
                            Gebeurtenis vastgelegd: wedstrijd 49, minuut 56
                            Gebeurtenis vastgelegd: wedstrijd 49, minuut 76
                            Gebeurtenis vastgelegd: wedstrijd 49, minuut 80
2022-11-24 15:04:15         Wedstrijd ogeslagen 49: NED-IRA
                            Afdrukvoorbeeld rapport nr:6
                            Afdrukvoorbeeld rapport nr:8
                            Afdrukvoorbeeld rapport nr:5
                            Afdrukvoorbeeld rapport nr:5
                            Afdrukvoorbeeld rapport nr:5
2022-11-24 15:30:54         Wedstrijden overzicht
2022-11-24 15:30:56         Wedstrijd bijhouden 50: ARG-FRA
                            Gebeurtenis vastgelegd: wedstrijd 50, minuut 23
2022-11-24 15:31:24         Wedstrijd ogeslagen 50: ARG-FRA
                            Afdrukvoorbeeld rapport nr:5
2022-11-24 15:32:31         Wedstrijden overzicht
2022-11-24 15:32:43         Wedstrijd bijhouden 50: ARG-FRA
                            Gebeurtenis vastgelegd: wedstrijd 50, minuut 67
                            Gebeurtenis vastgelegd: wedstrijd 50, minuut 67
                            Gebeurtenis vastgelegd: wedstrijd 50, minuut 67
                            Gebeurtenis vastgelegd: wedstrijd 50, minuut 67
                            Gebeurtenis vastgelegd: wedstrijd 50, minuut 67
2022-11-24 15:33:28         Wedstrijd ogeslagen 50: ARG-FRA
                            Afdrukvoorbeeld rapport nr:5
                            Afdrukvoorbeeld rapport nr:6
                            Afdrukvoorbeeld rapport nr:5
                            Afdrukvoorbeeld rapport nr:8
                            Afdrukvoorbeeld rapport nr:5
                            Afdrukvoorbeeld rapport nr:8
                            Afdrukvoorbeeld rapport nr:5
                            Afdrukvoorbeeld rapport nr:6
2022-11-24 15:52:30         Wedstrijden overzicht
2022-11-24 15:52:33         Wedstrijden overzicht
2022-11-24 15:52:40         Wedstrijd bijhouden 58: DUI-URU
                            Gebeurtenis vastgelegd: wedstrijd 57, minuut 23
2022-11-24 15:52:58         Wedstrijd ogeslagen 58: DUI-URU
                            Afdrukvoorbeeld rapport nr:5
2022-11-24 15:56:18         Wedstrijden overzicht
2022-11-24 15:56:23         Wedstrijd bijhouden 57: NED-ARG
                            Gebeurtenis vastgelegd: wedstrijd 58, minuut 44
2022-11-24 15:56:34         Wedstrijd ogeslagen 57: NED-ARG
                            Afdrukvoorbeeld rapport nr:5
                            Afdrukvoorbeeld rapport nr:8
2022-11-24 16:07:43         Wedstrijden overzicht
2022-11-24 16:07:49         Wedstrijd bijhouden 58: DUI-URU
2022-11-24 16:08:57         Wedstrijd ogeslagen 58: DUI-URU
                            Afdrukvoorbeeld rapport nr:8
2022-11-24 16:10:06         Wedstrijden overzicht
2022-11-24 16:10:11         Wedstrijd bijhouden 58: DUI-URU
                            Gebeurtenis vastgelegd: wedstrijd 57, minuut 56
2022-11-24 16:12:43         Wedstrijd ogeslagen 58: DUI-URU
                            Afdrukvoorbeeld rapport nr:8
2022-11-24 16:13:02         Wedstrijden overzicht
2022-11-24 16:13:04         Wedstrijd bijhouden 57: NED-ARG
                            Gebeurtenis vastgelegd: wedstrijd 58, minuut 44
                            Gebeurtenis vastgelegd: wedstrijd 58, minuut 56
2022-11-24 16:13:34         Wedstrijd ogeslagen 57: NED-ARG
                            Afdrukvoorbeeld rapport nr:8
                            Afdrukvoorbeeld rapport nr:5
2022-11-24 16:16:31         App started
2022-11-24 16:16:31         Main form opened
                            Afdrukvoorbeeld rapport nr:8
                            Afdrukvoorbeeld rapport nr:5
2022-11-24 16:19:21         Wedstrijden overzicht
2022-11-24 16:20:06         App ended
2022-11-24 16:20:22         App started
2022-11-24 16:20:22         Main form opened
2022-11-24 16:20:23         App ended
2022-11-24 16:20:50         App started
2022-11-24 16:20:50         Main form opened
2022-11-24 16:20:54         App ended
2022-11-24 16:21:32         App started
2022-11-24 16:21:32         Main form opened
2022-11-24 16:21:37         App ended
2022-11-24 16:23:07         App started
2022-11-24 16:23:07         Main form opened
2022-11-24 16:23:12         App ended
2022-11-24 16:25:10         App started
2022-11-24 16:25:10         Main form opened
2022-11-24 16:25:15         App ended
2022-11-24 16:25:53         App started
2022-11-24 16:25:53         Main form opened
2022-11-24 16:26:00         App ended
2022-11-24 16:26:26         App started
2022-11-24 16:26:26         Main form opened
2022-11-24 16:26:33         App ended
2022-11-24 16:27:46         App started
2022-11-24 16:27:47         Main form opened
2022-11-24 16:28:18         App started
2022-11-24 16:28:18         Main form opened
2022-11-24 16:28:25         App ended
2022-11-24 16:31:23         App started
2022-11-24 16:31:23         Main form opened
2022-11-24 16:31:25         App ended
2022-11-24 16:33:06         App started
2022-11-24 16:33:06         Main form opened
2022-11-24 16:33:08         Wedstrijden overzicht
2022-11-24 16:33:09         Wedstrijd bijhouden 61: NED-DUI
2022-11-24 16:33:38         Wedstrijden overzicht
2022-11-24 16:33:44         Wedstrijd bijhouden 39: PLN-ARG
2022-11-24 16:34:44         Player edit form opened
2022-11-24 16:34:49         Wedstrijden overzicht
2022-11-24 16:34:51         Wedstrijd bijhouden 61: NED-DUI
2022-11-24 16:34:54         App ended
2022-11-24 16:35:34         App started
2022-11-24 16:35:34         Main form opened
2022-11-24 16:35:36         Wedstrijden overzicht
2022-11-24 16:35:37         Wedstrijd bijhouden 61: NED-DUI
                            Gebeurtenis vastgelegd: wedstrijd 61, minuut 1
                            Gebeurtenis vastgelegd: wedstrijd 61, minuut 1
2022-11-24 16:38:01         Wedstrijden overzicht
2022-11-24 16:38:02         Wedstrijd bijhouden 61: NED-DUI
2022-11-24 16:39:00         Wedstrijden overzicht
2022-11-24 16:39:01         Wedstrijd bijhouden 61: NED-DUI
                            Alle gebeurtenissen verwijderd: wedstrijd 61, minuut 0
2022-11-24 16:39:35         App ended
2022-11-24 16:40:44         App started
2022-11-24 16:40:45         Main form opened
2022-11-24 16:40:46         Wedstrijden overzicht
2022-11-24 16:41:04         Wedstrijd bijhouden 61: NED-DUI
                            Gebeurtenis vastgelegd: wedstrijd 61, minuut 2
2022-11-24 16:43:06         Wedstrijd ogeslagen 61: NED-DUI
                            Afdrukvoorbeeld rapport nr:8
2022-11-24 16:43:38         App ended
2022-11-24 16:43:44         App started
2022-11-24 16:43:44         Main form opened
2022-11-24 16:43:45         App ended
2022-11-24 17:04:19         App started
2022-11-24 17:04:19         Main form opened
2022-11-24 17:04:23         App ended
2022-11-25 11:35:53         App started
2022-11-25 11:35:54         Main form opened
                            Afdrukvoorbeeld rapport nr:3
                            Afdrukvoorbeeld rapport nr:3
2022-11-25 11:39:22         App ended
2022-11-25 11:39:23         App started
2022-11-25 11:39:24         Main form opened
                            Afdrukvoorbeeld rapport nr:3
                            Afdrukvoorbeeld rapport nr:3
                            Afdrukvoorbeeld rapport nr:3
                            Afdrukvoorbeeld rapport nr:3
                            Afdrukvoorbeeld rapport nr:3
                            Afdrukvoorbeeld rapport nr:3
2022-11-25 11:45:28         App ended
2022-11-25 16:53:51         App started
2022-11-25 16:53:51         Main form opened
2022-11-25 16:53:52         Wedstrijden overzicht
                            Afdrukvoorbeeld rapport nr:4
                            Afdrukvoorbeeld rapport nr:4
2022-11-25 16:56:41         App ended
2022-11-25 18:32:24         App started
2022-11-25 18:32:24         Main form opened
2022-11-25 18:32:26         Wedstrijden overzicht
2022-11-25 18:32:29         Wedstrijd bijhouden 19: NED-ECU
                            Gebeurtenis vastgelegd: wedstrijd 19, minuut 6
                            Gebeurtenis vastgelegd: wedstrijd 19, minuut 49
                            Gebeurtenis vastgelegd: wedstrijd 19, minuut 57
                            Gebeurtenis vastgelegd: wedstrijd 19, minuut 57
2022-11-26 10:41:13         App started
2022-11-26 10:41:13         Main form opened
2022-11-26 10:41:15         Wedstrijden overzicht
2022-11-26 10:41:17         Wedstrijd bijhouden 19: NED-ECU
                            Gebeurtenis weggehaald: wedstrijd 19, minuut 57
                            Gebeurtenis vastgelegd: wedstrijd 19, minuut 49
                            Gebeurtenis vastgelegd: wedstrijd 19, minuut 65
2022-11-26 10:42:43         Wedstrijd ogeslagen 19: NED-ECU
2022-11-26 10:42:45         Wedstrijden overzicht
2022-11-26 10:42:58         Wedstrijd bijhouden 20: ENG-USA
2022-11-26 10:48:19         Wedstrijden overzicht
2022-11-26 10:48:23         Wedstrijd bijhouden 20: ENG-USA
2022-11-26 10:48:54         Wedstrijd ogeslagen 20: ENG-USA
                            Afdrukvoorbeeld rapport nr:9
                            Afdrukvoorbeeld rapport nr:4
                            Afdrukvoorbeeld rapport nr:9
                            Afdrukvoorbeeld rapport nr:6
                            Afdrukvoorbeeld rapport nr:1
                            Afdrukvoorbeeld rapport nr:9
2022-11-26 10:54:32         App ended
2022-11-26 10:59:41         App started
2022-11-26 10:59:41         Main form opened
                            Afdrukvoorbeeld rapport nr:6
                            Afdrukvoorbeeld rapport nr:6
                            Afdrukvoorbeeld rapport nr:6
                            Afdrukvoorbeeld rapport nr:6
                            Afdrukvoorbeeld rapport nr:6
                            Afdrukvoorbeeld rapport nr:6
                            Afdrukvoorbeeld rapport nr:6
                            Afdrukvoorbeeld rapport nr:6
                            Afdrukvoorbeeld rapport nr:6
                            Afdrukvoorbeeld rapport nr:6
                            Afdrukvoorbeeld rapport nr:6
2022-11-26 11:18:04         App started
2022-11-26 11:18:04         Main form opened
                            Afdrukvoorbeeld rapport nr:6
                            Afdrukvoorbeeld rapport nr:6
                            Afdrukvoorbeeld rapport nr:6
2022-11-26 11:21:17         App ended
2022-11-26 11:21:18         App started
2022-11-26 11:21:19         Main form opened
                            Afdrukvoorbeeld rapport nr:5
                            Afdrukvoorbeeld rapport nr:5
                            Afdrukvoorbeeld rapport nr:4
                            Afdrukvoorbeeld rapport nr:4
                            Afdrukvoorbeeld rapport nr:4
                            Afdrukvoorbeeld rapport nr:4
2022-11-26 11:29:26         App ended
2022-11-26 11:34:10         App started
2022-11-26 11:34:10         Main form opened
2022-11-26 11:40:47         App started
2022-11-26 11:40:47         Main form opened
                            Afdrukvoorbeeld rapport nr:4
                            Afdrukvoorbeeld rapport nr:4
                            Afdrukvoorbeeld rapport nr:4
                            Afdrukvoorbeeld rapport nr:4
2022-11-26 11:43:51         App ended
2022-11-26 11:46:09         App started
2022-11-26 11:46:09         Main form opened
2022-11-26 11:47:57         App ended
2022-11-26 11:50:08         App started
2022-11-26 11:50:08         Main form opened
                            Afdrukvoorbeeld rapport nr:4
2022-11-26 11:55:21         App started
2022-11-26 11:55:22         Main form opened
                            Afdrukvoorbeeld rapport nr:4
                            Afdrukvoorbeeld rapport nr:4
                            Afdrukvoorbeeld rapport nr:4
                            Afdrukvoorbeeld rapport nr:4
                            Afdrukvoorbeeld rapport nr:4
                            Afdrukvoorbeeld rapport nr:4
                            Afdrukvoorbeeld rapport nr:4
                            Afdrukvoorbeeld rapport nr:4
                            Afdrukvoorbeeld rapport nr:4
                            Afdrukvoorbeeld rapport nr:4
                            Afdrukvoorbeeld rapport nr:4
                            Afdrukvoorbeeld rapport nr:4
                            Afdrukvoorbeeld rapport nr:4
                            Afdrukvoorbeeld rapport nr:4
                            Afdrukvoorbeeld rapport nr:4
                            Afdrukvoorbeeld rapport nr:4
                            Afdrukvoorbeeld rapport nr:4
                            Afdrukvoorbeeld rapport nr:4
                            Afdrukvoorbeeld rapport nr:4
                            Afdrukvoorbeeld rapport nr:4
                            Afdrukvoorbeeld rapport nr:4
                            Afdrukvoorbeeld rapport nr:4
                            Afdrukvoorbeeld rapport nr:4
                            Afdrukvoorbeeld rapport nr:4
                            Afdrukvoorbeeld rapport nr:4
                            Afdrukvoorbeeld rapport nr:4
                            Afdrukvoorbeeld rapport nr:4
                            Afdrukvoorbeeld rapport nr:4
                            Afdrukvoorbeeld rapport nr:4
                            Afdrukvoorbeeld rapport nr:8
                            Afdrukvoorbeeld rapport nr:9
                            Afdrukvoorbeeld rapport nr:4
                            Afdrukvoorbeeld rapport nr:5
                            Afdrukvoorbeeld rapport nr:6
                            Afdrukvoorbeeld rapport nr:7
                            Afdrukvoorbeeld rapport nr:3
                            Afdrukvoorbeeld rapport nr:3
                            Afdrukvoorbeeld rapport nr:3
                            Afdrukvoorbeeld rapport nr:3
                            Afdrukvoorbeeld rapport nr:8
                            Afdrukvoorbeeld rapport nr:8
2022-11-26 13:02:03         Player edit form opened
                            Afdrukvoorbeeld rapport nr:8
                            Afdrukvoorbeeld rapport nr:8
                            Afdrukvoorbeeld rapport nr:8
                            Afdrukvoorbeeld rapport nr:8
                            Afdrukvoorbeeld rapport nr:8
                            Afdrukvoorbeeld rapport nr:8
2022-11-26 13:07:22         App ended
2022-11-26 13:18:59         App started
2022-11-26 13:18:59         Main form opened
2022-11-26 13:19:02         App ended
2022-11-26 13:19:06         App started
2022-11-26 13:19:06         Main form opened
2022-11-26 13:19:07         App ended
2022-11-28 10:44:37         App started
2022-11-28 10:44:37         Main form opened
                            Afdrukvoorbeeld rapport nr:4
                            Afdrukvoorbeeld rapport nr:4
                            Afdrukvoorbeeld rapport nr:4
                            Afdrukvoorbeeld rapport nr:4
2022-11-28 10:47:42         App ended
2022-11-28 10:47:44         App started
2022-11-28 10:47:44         Main form opened
                            Afdrukvoorbeeld rapport nr:4
                            Afdrukvoorbeeld rapport nr:4
                            Afdrukvoorbeeld rapport nr:9
                            Afdrukvoorbeeld rapport nr:6
2022-11-28 10:51:42         App ended
2022-11-28 11:05:09         App started
2022-11-28 11:05:09         Main form opened
                            Afdrukvoorbeeld rapport nr:4
2022-11-28 11:05:56         App started
2022-11-28 11:05:56         Main form opened
                            Afdrukvoorbeeld rapport nr:4
2022-11-28 11:08:24         App started
2022-11-28 11:08:24         Main form opened
                            Afdrukvoorbeeld rapport nr:4
2022-11-28 11:12:27         App started
2022-11-28 11:12:27         Main form opened
                            Afdrukvoorbeeld rapport nr:4
                            Afdrukvoorbeeld rapport nr:4
                            Afdrukvoorbeeld rapport nr:4
                            Afdrukvoorbeeld rapport nr:4
2022-11-28 11:23:27         App ended
2022-11-28 11:23:29         App started
2022-11-28 11:23:30         Main form opened
                            Afdrukvoorbeeld rapport nr:4
                            Afdrukvoorbeeld rapport nr:4
                            Afdrukvoorbeeld rapport nr:4
                            Afdrukvoorbeeld rapport nr:4
                            Afdrukvoorbeeld rapport nr:4
2022-11-28 11:37:35         App started
2022-11-28 11:37:35         Main form opened
                            Afdrukvoorbeeld rapport nr:4
                            Afdrukvoorbeeld rapport nr:4
                            Afdrukvoorbeeld rapport nr:4
                            Afdrukvoorbeeld rapport nr:4
2022-11-28 11:40:20         App ended
2022-11-28 11:50:47         App started
2022-11-28 11:50:47         Main form opened
                            Afdrukvoorbeeld rapport nr:4
2022-11-28 11:52:55         App started
2022-11-28 11:52:55         Main form opened
                            Afdrukvoorbeeld rapport nr:4
2022-11-28 11:57:27         App ended
2022-11-28 12:00:00         App started
2022-11-28 12:00:00         Main form opened
                            Afdrukvoorbeeld rapport nr:4
2022-11-28 12:01:24         App ended
2022-11-28 12:02:54         App started
2022-11-28 12:02:54         Main form opened
                            Afdrukvoorbeeld rapport nr:4
                            Afdrukvoorbeeld rapport nr:4
2022-11-28 12:04:40         App ended
2022-11-28 12:05:49         App started
2022-11-28 12:05:50         Main form opened
                            Afdrukvoorbeeld rapport nr:4
                            Afdrukvoorbeeld rapport nr:3
                            Afdrukvoorbeeld rapport nr:4
2022-11-28 12:07:56         App ended
2022-11-28 12:08:03         App started
2022-11-28 12:08:03         Main form opened
2022-11-28 12:08:05         App ended
2022-11-28 12:25:34         App started
2022-11-28 12:25:34         Main form opened
2022-11-28 12:26:49         App started
2022-11-28 12:26:49         Main form opened
2022-11-28 12:28:14         App started
2022-11-28 12:28:14         Main form opened
2022-11-28 12:28:21         App ended
2022-11-28 12:28:47         App started
2022-11-28 12:28:47         Main form opened
2022-11-28 12:29:27         App ended
2022-11-28 12:30:24         App started
2022-11-28 12:30:25         Main form opened
2022-11-28 12:30:26         App ended
